<?xml version="1.0" encoding="UTF-8"?>
<!-- Generated by org.testng.reporters.JUnitXMLReporter -->
<testsuite ignored="6" hostname="TVDI-014" failures="0" tests="1" name="Default test" time="4.583" errors="0" timestamp="2023-05-26T15:07:48 IST">
  <testcase classname="org.practise_API.DemoCyclos" name="tc06_get_auth_session" time="4.512"/>
  <testcase classname="org.practise_API.DemoCyclos" name="tc07_get_ui_data" time="0.0">
    <ignored/>
  </testcase> <!-- tc07_get_ui_data -->
  <testcase classname="org.practise_API.DemoCyclos" name="tc05_get_address_list_data" time="0.0">
    <ignored/>
  </testcase> <!-- tc05_get_address_list_data -->
  <testcase classname="org.practise_API.DemoCyclos" name="tc04_get_account_accountType" time="0.0">
    <ignored/>
  </testcase> <!-- tc04_get_account_accountType -->
  <testcase classname="org.practise_API.DemoCyclos" name="tc01_get_accounts" time="0.0">
    <ignored/>
  </testcase> <!-- tc01_get_accounts -->
  <testcase classname="org.practise_API.DemoCyclos" name="tc03_get_accounts_listdata" time="0.0">
    <ignored/>
  </testcase> <!-- tc03_get_accounts_listdata -->
  <testcase classname="org.practise_API.DemoCyclos" name="tc02_get_accounts_passing_query" time="0.0">
    <ignored/>
  </testcase> <!-- tc02_get_accounts_passing_query -->
</testsuite> <!-- Default test -->
