<?xml version="1.0" encoding="UTF-8"?>
<!-- Generated by org.testng.reporters.JUnitXMLReporter -->
<testsuite ignored="9" hostname="TVDI-014" failures="0" tests="1" name="Default test" time="3.292" errors="0" timestamp="2023-05-23T19:09:49 IST">
  <testcase classname="org.practise_API.EmployeeDetails" name="tc09_Patch_repo" time="3.221"/>
  <testcase classname="org.practise_API.EmployeeDetails" name="tc02_updateEmployee" time="0.0">
    <ignored/>
  </testcase> <!-- tc02_updateEmployee -->
  <testcase classname="org.practise_API.EmployeeDetails" name="tc01_createMethod_usingHardCode" time="0.0">
    <ignored/>
  </testcase> <!-- tc01_createMethod_usingHardCode -->
  <testcase classname="org.practise_API.EmployeeDetails" name="tc03_deleteEmployee" time="0.0">
    <ignored/>
  </testcase> <!-- tc03_deleteEmployee -->
  <testcase classname="org.practise_API.EmployeeDetails" name="tc06_basic_Auth" time="0.0">
    <ignored/>
  </testcase> <!-- tc06_basic_Auth -->
  <testcase classname="org.practise_API.EmployeeDetails" name="tc10_Delete_repo" time="0.0">
    <ignored/>
  </testcase> <!-- tc10_Delete_repo -->
  <testcase classname="org.practise_API.EmployeeDetails" name="tc07_bearer_Token" time="0.0">
    <ignored/>
  </testcase> <!-- tc07_bearer_Token -->
  <testcase classname="org.practise_API.EmployeeDetails" name="tc08_Post_Repo" time="0.0">
    <ignored/>
  </testcase> <!-- tc08_Post_Repo -->
  <testcase classname="org.practise_API.EmployeeDetails" name="tc05_postData_jsonFile" time="0.0">
    <ignored/>
  </testcase> <!-- tc05_postData_jsonFile -->
  <testcase classname="org.practise_API.EmployeeDetails" name="tc04_bDD_getAll" time="0.0">
    <ignored/>
  </testcase> <!-- tc04_bDD_getAll -->
</testsuite> <!-- Default test -->
