<?xml version="1.0" encoding="UTF-8"?>
<testng-results ignored="1" total="8" passed="7" failed="0" skipped="0">
  <reporter-output>
  </reporter-output>
  <suite started-at="2023-05-22T17:44:55 IST" name="Default suite" finished-at="2023-05-22T17:45:03 IST" duration-ms="8145">
    <groups>
    </groups>
    <test started-at="2023-05-22T17:44:55 IST" name="Default test" finished-at="2023-05-22T17:45:03 IST" duration-ms="8145">
      <class name="org.practise_API.EmployeeDetails">
        <test-method signature="tc01_createMethod_usingHardCode()[pri:0, instance:org.practise_API.EmployeeDetails@57d7f8ca]" started-at="2023-05-22T17:44:55 IST" name="tc01_createMethod_usingHardCode" finished-at="2023-05-22T17:44:58 IST" duration-ms="2943" status="PASS">
          <reporter-output>
          </reporter-output>
        </test-method> <!-- tc01_createMethod_usingHardCode -->
        <test-method signature="tc02_updateEmployee()[pri:0, instance:org.practise_API.EmployeeDetails@57d7f8ca]" started-at="2023-05-22T17:44:58 IST" name="tc02_updateEmployee" finished-at="2023-05-22T17:44:59 IST" duration-ms="466" status="PASS">
          <reporter-output>
          </reporter-output>
        </test-method> <!-- tc02_updateEmployee -->
        <test-method signature="tc03_deleteEmployee()[pri:0, instance:org.practise_API.EmployeeDetails@57d7f8ca]" started-at="2023-05-22T17:44:59 IST" name="tc03_deleteEmployee" finished-at="2023-05-22T17:44:59 IST" duration-ms="656" status="PASS">
          <reporter-output>
          </reporter-output>
        </test-method> <!-- tc03_deleteEmployee -->
        <test-method signature="tc04_bDD_getAll()[pri:0, instance:org.practise_API.EmployeeDetails@57d7f8ca]" started-at="2023-05-22T17:44:59 IST" name="tc04_bDD_getAll" finished-at="2023-05-22T17:44:59 IST" duration-ms="245" status="PASS">
          <reporter-output>
          </reporter-output>
        </test-method> <!-- tc04_bDD_getAll -->
        <test-method signature="tc06_basic_Auth()[pri:0, instance:org.practise_API.EmployeeDetails@57d7f8ca]" started-at="2023-05-22T17:44:59 IST" name="tc06_basic_Auth" finished-at="2023-05-22T17:45:01 IST" duration-ms="1616" status="PASS">
          <reporter-output>
          </reporter-output>
        </test-method> <!-- tc06_basic_Auth -->
        <test-method signature="tc07_bearer_Token()[pri:0, instance:org.practise_API.EmployeeDetails@57d7f8ca]" started-at="2023-05-22T17:45:01 IST" name="tc07_bearer_Token" finished-at="2023-05-22T17:45:02 IST" duration-ms="578" status="PASS">
          <reporter-output>
          </reporter-output>
        </test-method> <!-- tc07_bearer_Token -->
        <test-method signature="tc08_Post_Repo()[pri:0, instance:org.practise_API.EmployeeDetails@57d7f8ca]" started-at="2023-05-22T17:45:02 IST" name="tc08_Post_Repo" finished-at="2023-05-22T17:45:03 IST" duration-ms="1521" status="PASS">
          <reporter-output>
          </reporter-output>
        </test-method> <!-- tc08_Post_Repo -->
      </class> <!-- org.practise_API.EmployeeDetails -->
    </test> <!-- Default test -->
  </suite> <!-- Default suite -->
</testng-results>
