<?xml version="1.0" encoding="UTF-8"?>
<testng-results ignored="9" total="10" passed="1" failed="0" skipped="0">
  <reporter-output>
  </reporter-output>
  <suite started-at="2023-05-23T19:09:46 IST" name="Default suite" finished-at="2023-05-23T19:09:49 IST" duration-ms="3292">
    <groups>
    </groups>
    <test started-at="2023-05-23T19:09:46 IST" name="Default test" finished-at="2023-05-23T19:09:49 IST" duration-ms="3292">
      <class name="org.practise_API.EmployeeDetails">
        <test-method signature="tc09_Patch_repo()[pri:0, instance:org.practise_API.EmployeeDetails@25084a1e]" started-at="2023-05-23T19:09:46 IST" name="tc09_Patch_repo" finished-at="2023-05-23T19:09:49 IST" duration-ms="3221" status="PASS">
          <reporter-output>
          </reporter-output>
        </test-method> <!-- tc09_Patch_repo -->
      </class> <!-- org.practise_API.EmployeeDetails -->
    </test> <!-- Default test -->
  </suite> <!-- Default suite -->
</testng-results>
